0 verbose cli C:\Program Files\nodejs\node.exe C:\Program Files\nodejs\node_modules\npm\bin\npm-cli.js
1 info using npm@10.8.2
2 info using node@v18.20.8
3 silly config load:file:C:\Program Files\nodejs\node_modules\npm\npmrc
4 silly config load:file:F:\springboot河南非遗助推平台\project\src\main\resources\static\home\.npmrc
5 silly config load:file:C:\Users\Administrator\.npmrc
6 silly config load:file:C:\Program Files\nodejs\node_global\etc\npmrc
7 verbose title npm exec npm@8 install node-sass@npm:sass --save-dev --legacy-peer-deps --ignore-scripts --no-audit --no-fund
8 verbose argv "exec" "--yes" "--" "npm@8" "install" "node-sass@npm:sass" "--save-dev" "--legacy-peer-deps" "--ignore-scripts" "--no-audit" "--no-fund"
9 verbose logfile logs-max:10 dir:F:\springboot河南非遗助推平台\.npm-cache\npm8\_logs\2026-04-17T13_14_24_805Z-
10 verbose logfile F:\springboot河南非遗助推平台\.npm-cache\npm8\_logs\2026-04-17T13_14_24_805Z-debug-0.log
11 silly logfile start cleaning logs, removing 1 files
12 silly logfile done cleaning log files
13 silly packumentCache heap:4345298944 maxSize:1086324736 maxEntrySize:543162368
14 verbose shrinkwrap failed to load node_modules/.package-lock.json out of date, updated: node_modules
15 http fetch GET 200 https://registry.npmjs.org/npm 6470ms (cache revalidated)
16 silly packumentCache heap:4345298944 maxSize:1086324736 maxEntrySize:543162368
17 silly packumentCache heap:4345298944 maxSize:1086324736 maxEntrySize:543162368
18 verbose cwd F:\springboot河南非遗助推平台\project\src\main\resources\static\home
19 verbose os Windows_NT 10.0.26200
20 verbose node v18.20.8
21 verbose npm  v10.8.2
22 verbose exit 0
23 info ok
