0 verbose cli d:\cursor\resources\app\resources\helpers\node.exe F:\springboot河南非遗助推平台\.npm-cache\npm8\_npx\cfeb70dcfc58a00c\node_modules\npm\bin\npm-cli.js
1 info using npm@8.19.4
2 info using node@v22.22.0
3 timing npm:load:whichnode Completed in 0ms
4 timing config:load:defaults Completed in 2ms
5 timing config:load:file:F:\springboot河南非遗助推平台\.npm-cache\npm8\_npx\cfeb70dcfc58a00c\node_modules\npm\npmrc Completed in 2ms
6 timing config:load:builtin Completed in 2ms
7 timing config:load:cli Completed in 2ms
8 timing config:load:env Completed in 3ms
9 timing config:load:file:F:\springboot河南非遗助推平台\project\src\main\resources\static\home\.npmrc Completed in 0ms
10 timing config:load:project Completed in 5ms
11 timing config:load:file:C:\Users\Administrator\.npmrc Completed in 2ms
12 timing config:load:user Completed in 2ms
13 timing config:load:file:C:\Program Files\nodejs\node_global\etc\npmrc Completed in 0ms
14 timing config:load:global Completed in 0ms
15 timing config:load:validate Completed in 2ms
16 timing config:load:credentials Completed in 1ms
17 timing config:load:setEnvs Completed in 1ms
18 timing config:load Completed in 21ms
19 timing npm:load:configload Completed in 22ms
20 timing npm:load:mkdirpcache Completed in 1ms
21 timing npm:load:mkdirplogs Completed in 1ms
22 verbose title npm install node-sass@npm:sass
23 verbose argv "install" "node-sass@npm:sass" "--save-dev" "--legacy-peer-deps" "--ignore-scripts" "--no-audit" "--no-fund"
24 timing npm:load:setTitle Completed in 0ms
25 timing config:load:flatten Completed in 2ms
26 timing npm:load:display Completed in 4ms
27 verbose logfile logs-max:10 dir:F:\springboot河南非遗助推平台\.npm-cache\npm8\_logs
28 verbose logfile F:\springboot河南非遗助推平台\.npm-cache\npm8\_logs\2026-04-17T13_14_42_633Z-debug-0.log
29 timing npm:load:logFile Completed in 6ms
30 timing npm:load:timers Completed in 0ms
31 timing npm:load:configScope Completed in 0ms
32 timing npm:load Completed in 34ms
33 timing arborist:ctor Completed in 1ms
34 silly logfile start cleaning logs, removing 1 files
35 silly logfile done cleaning log files
36 timing idealTree:init Completed in 798ms
37 timing idealTree:userRequests Completed in 6ms
38 silly idealTree buildDeps
39 silly fetch manifest node-sass@npm:sass
40 verbose shrinkwrap failed to load node_modules/.package-lock.json out of date, updated: node_modules
41 http fetch GET 200 https://registry.npmjs.org/sass 4638ms (cache revalidated)
42 silly placeDep ROOT node-sass@1.99.0 REPLACE for: client_home@0.1.0 want: npm:sass
43 timing idealTree:#root Completed in 4663ms
44 timing idealTree:node_modules/node-sass Completed in 0ms
45 silly fetch manifest node-sass@^4.7.2
46 http fetch GET 200 https://registry.npmjs.org/node-sass 321ms (cache revalidated)
47 silly placeDep node_modules/vue-piczoom node-sass@4.14.1 OK for: vue-piczoom@1.0.6 want: ^4.7.2
48 silly fetch manifest gaze@^1.0.0
49 silly fetch manifest meow@^3.7.0
50 silly fetch manifest chalk@^1.1.1
51 silly fetch manifest npmlog@^4.0.0
52 silly fetch manifest node-gyp@^3.8.0
53 silly fetch manifest get-stdin@^4.0.1
54 silly fetch manifest in-publish@^2.0.0
55 silly fetch manifest sass-graph@2.2.5
56 silly fetch manifest cross-spawn@^3.0.0
57 silly fetch manifest async-foreach@^0.1.3
58 silly fetch manifest stdout-stream@^1.4.0
59 silly fetch manifest true-case-path@^1.0.2
60 http fetch GET 200 https://registry.npmjs.org/npmlog 304ms (cache revalidated)
61 http fetch GET 200 https://registry.npmjs.org/sass-graph 925ms (cache revalidated)
62 http fetch GET 200 https://registry.npmjs.org/get-stdin 955ms (cache revalidated)
63 http fetch GET 200 https://registry.npmjs.org/in-publish 956ms (cache revalidated)
64 http fetch GET 200 https://registry.npmjs.org/cross-spawn 962ms (cache revalidated)
65 http fetch GET 200 https://registry.npmjs.org/node-gyp 969ms (cache revalidated)
66 http fetch GET 200 https://registry.npmjs.org/gaze 990ms (cache revalidated)
67 http fetch GET 200 https://registry.npmjs.org/meow 1055ms (cache revalidated)
68 http fetch GET 200 https://registry.npmjs.org/stdout-stream 1222ms (cache revalidated)
69 http fetch GET 200 https://registry.npmjs.org/async-foreach 1788ms (cache revalidated)
70 http fetch GET 200 https://registry.npmjs.org/true-case-path 2116ms (cache revalidated)
71 http fetch GET 200 https://registry.npmjs.org/chalk 2577ms (cache revalidated)
72 timing idealTree:node_modules/vue-piczoom Completed in 2911ms
73 silly placeDep ROOT async-foreach@0.1.3 OK for: node-sass@4.14.1 want: ^0.1.3
74 silly placeDep node_modules/vue-piczoom chalk@1.1.3 OK for: node-sass@4.14.1 want: ^1.1.1
75 silly placeDep node_modules/vue-piczoom cross-spawn@3.0.1 OK for: node-sass@4.14.1 want: ^3.0.0
76 silly placeDep ROOT gaze@1.1.3 OK for: node-sass@4.14.1 want: ^1.0.0
77 silly placeDep ROOT get-stdin@4.0.1 OK for: node-sass@4.14.1 want: ^4.0.1
78 silly placeDep ROOT in-publish@2.0.1 OK for: node-sass@4.14.1 want: ^2.0.0
79 silly placeDep ROOT meow@3.7.0 OK for: node-sass@4.14.1 want: ^3.7.0
80 silly placeDep ROOT node-gyp@3.8.0 OK for: node-sass@4.14.1 want: ^3.8.0
81 silly placeDep ROOT npmlog@4.1.2 OK for: node-sass@4.14.1 want: ^4.0.0
82 silly placeDep ROOT sass-graph@2.2.5 OK for: node-sass@4.14.1 want: 2.2.5
83 silly placeDep ROOT stdout-stream@1.4.1 OK for: node-sass@4.14.1 want: ^1.4.0
84 silly placeDep ROOT true-case-path@1.0.3 OK for: node-sass@4.14.1 want: ^1.0.2
85 silly fetch manifest has-ansi@^2.0.0
86 silly fetch manifest strip-ansi@^3.0.0
87 silly fetch manifest ansi-styles@^2.2.1
88 silly fetch manifest supports-color@^2.0.0
89 silly fetch manifest lru-cache@^4.0.1
90 silly fetch manifest globule@^1.0.0
91 silly fetch manifest redent@^1.0.0
92 silly fetch manifest map-obj@^1.0.1
93 silly fetch manifest read-pkg-up@^1.0.1
94 silly fetch manifest trim-newlines@^1.0.0
95 silly fetch manifest camelcase-keys@^2.0.0
96 silly fetch manifest loud-rejection@^1.0.0
97 silly fetch manifest tar@^2.0.0
98 silly fetch manifest nopt@2 || 3
99 silly fetch manifest osenv@0
100 silly fetch manifest semver@~5.3.0
101 silly fetch manifest fstream@^1.0.0
102 silly fetch manifest gauge@~2.7.3
103 silly fetch manifest are-we-there-yet@~1.1.2
104 silly fetch manifest console-control-strings@~1.1.0
105 silly fetch manifest scss-tokenizer@^0.2.3
106 silly fetch manifest yargs@^13.3.2
107 http fetch GET 200 https://registry.npmjs.org/strip-ansi 302ms (cache revalidated)
108 http fetch GET 200 https://registry.npmjs.org/supports-color 314ms (cache revalidated)
109 http fetch GET 200 https://registry.npmjs.org/ansi-styles 321ms (cache revalidated)
110 http fetch GET 200 https://registry.npmjs.org/redent 326ms (cache revalidated)
111 http fetch GET 200 https://registry.npmjs.org/lru-cache 328ms (cache revalidated)
112 http fetch GET 200 https://registry.npmjs.org/has-ansi 338ms (cache revalidated)
113 http fetch GET 200 https://registry.npmjs.org/map-obj 351ms (cache revalidated)
114 http fetch GET 200 https://registry.npmjs.org/globule 354ms (cache revalidated)
115 http fetch GET 200 https://registry.npmjs.org/read-pkg-up 371ms (cache revalidated)
116 http fetch GET 200 https://registry.npmjs.org/trim-newlines 372ms (cache revalidated)
117 http fetch GET 200 https://registry.npmjs.org/camelcase-keys 373ms (cache revalidated)
118 http fetch GET 200 https://registry.npmjs.org/fstream 573ms (cache revalidated)
119 http fetch GET 200 https://registry.npmjs.org/osenv 574ms (cache revalidated)
120 http fetch GET 200 https://registry.npmjs.org/are-we-there-yet 583ms (cache revalidated)
121 http fetch GET 200 https://registry.npmjs.org/console-control-strings 601ms (cache revalidated)
122 http fetch GET 200 https://registry.npmjs.org/scss-tokenizer 602ms (cache revalidated)
123 http fetch GET 200 https://registry.npmjs.org/yargs 623ms (cache revalidated)
124 http fetch GET 200 https://registry.npmjs.org/semver 645ms (cache revalidated)
125 http fetch GET 200 https://registry.npmjs.org/tar 790ms (cache revalidated)
126 http fetch GET 200 https://registry.npmjs.org/nopt 827ms (cache revalidated)
127 http fetch GET 200 https://registry.npmjs.org/gauge 903ms (cache revalidated)
128 http fetch GET 200 https://registry.npmjs.org/loud-rejection 1253ms (cache revalidated)
129 timing idealTree:node_modules/vue-piczoom/node_modules/node-sass Completed in 1277ms
130 timing idealTree:node_modules/async-foreach Completed in 0ms
131 silly placeDep ROOT globule@1.3.4 OK for: gaze@1.1.3 want: ^1.0.0
132 silly fetch manifest glob@~7.1.1
133 silly fetch manifest minimatch@~3.0.2
134 http fetch GET 200 https://registry.npmjs.org/glob 285ms (cache revalidated)
135 http fetch GET 200 https://registry.npmjs.org/minimatch 299ms (cache revalidated)
136 timing idealTree:node_modules/gaze Completed in 304ms
137 timing idealTree:node_modules/get-stdin Completed in 0ms
138 silly placeDep node_modules/globule glob@7.1.7 OK for: globule@1.3.4 want: ~7.1.1
139 silly placeDep node_modules/globule minimatch@3.0.8 OK for: globule@1.3.4 want: ~3.0.2
140 timing idealTree:node_modules/globule Completed in 2ms
141 timing idealTree:node_modules/in-publish Completed in 0ms
142 silly placeDep ROOT camelcase-keys@2.1.0 OK for: meow@3.7.0 want: ^2.0.0
143 silly placeDep ROOT loud-rejection@1.6.0 OK for: meow@3.7.0 want: ^1.0.0
144 silly placeDep ROOT map-obj@1.0.1 OK for: meow@3.7.0 want: ^1.0.1
145 silly placeDep ROOT read-pkg-up@1.0.1 OK for: meow@3.7.0 want: ^1.0.1
146 silly placeDep ROOT redent@1.0.0 OK for: meow@3.7.0 want: ^1.0.0
147 silly placeDep ROOT trim-newlines@1.0.0 OK for: meow@3.7.0 want: ^1.0.0
148 silly fetch manifest camelcase@^2.0.0
149 silly fetch manifest currently-unhandled@^0.4.1
150 silly fetch manifest find-up@^1.0.0
151 silly fetch manifest read-pkg@^1.0.0
152 silly fetch manifest indent-string@^2.1.0
153 silly fetch manifest strip-indent@^1.0.1
154 http fetch GET 200 https://registry.npmjs.org/indent-string 252ms (cache revalidated)
155 http fetch GET 200 https://registry.npmjs.org/currently-unhandled 274ms (cache revalidated)
156 http fetch GET 200 https://registry.npmjs.org/find-up 301ms (cache revalidated)
157 http fetch GET 200 https://registry.npmjs.org/camelcase 304ms (cache revalidated)
158 http fetch GET 200 https://registry.npmjs.org/read-pkg 315ms (cache revalidated)
159 http fetch GET 200 https://registry.npmjs.org/strip-indent 331ms (cache revalidated)
160 timing idealTree:node_modules/meow Completed in 337ms
161 silly placeDep node_modules/camelcase-keys camelcase@2.1.1 OK for: camelcase-keys@2.1.0 want: ^2.0.0
162 timing idealTree:node_modules/camelcase-keys Completed in 1ms
163 silly placeDep ROOT currently-unhandled@0.4.1 OK for: loud-rejection@1.6.0 want: ^0.4.1
164 silly fetch manifest array-find-index@^1.0.1
165 http fetch GET 200 https://registry.npmjs.org/array-find-index 324ms (cache revalidated)
166 timing idealTree:node_modules/loud-rejection Completed in 327ms
167 silly placeDep ROOT array-find-index@1.0.2 OK for: currently-unhandled@0.4.1 want: ^1.0.1
168 timing idealTree:node_modules/currently-unhandled Completed in 2ms
169 timing idealTree:node_modules/array-find-index Completed in 0ms
170 timing idealTree:node_modules/map-obj Completed in 0ms
171 silly placeDep ROOT fstream@1.0.12 OK for: node-gyp@3.8.0 want: ^1.0.0
172 silly placeDep ROOT nopt@3.0.6 OK for: node-gyp@3.8.0 want: 2 || 3
173 silly placeDep ROOT osenv@0.1.5 OK for: node-gyp@3.8.0 want: 0
174 silly placeDep node_modules/node-gyp semver@5.3.0 OK for: node-gyp@3.8.0 want: ~5.3.0
175 silly placeDep ROOT tar@2.2.2 OK for: node-gyp@3.8.0 want: ^2.0.0
176 silly fetch manifest abbrev@1
177 silly fetch manifest os-tmpdir@^1.0.0
178 silly fetch manifest os-homedir@^1.0.0
179 silly fetch manifest block-stream@*
180 http fetch GET 200 https://registry.npmjs.org/abbrev 281ms (cache revalidated)
181 http fetch GET 200 https://registry.npmjs.org/os-tmpdir 284ms (cache revalidated)
182 http fetch GET 200 https://registry.npmjs.org/os-homedir 297ms (cache revalidated)
183 http fetch GET 200 https://registry.npmjs.org/block-stream 308ms (cache revalidated)
184 timing idealTree:node_modules/node-gyp Completed in 318ms
185 timing idealTree:node_modules/fstream Completed in 0ms
186 silly placeDep ROOT abbrev@1.1.1 OK for: nopt@3.0.6 want: 1
187 timing idealTree:node_modules/nopt Completed in 2ms
188 timing idealTree:node_modules/abbrev Completed in 0ms
189 silly placeDep ROOT are-we-there-yet@1.1.7 OK for: npmlog@4.1.2 want: ~1.1.2
190 silly placeDep ROOT console-control-strings@1.1.0 OK for: npmlog@4.1.2 want: ~1.1.0
191 silly placeDep ROOT gauge@2.7.4 OK for: npmlog@4.1.2 want: ~2.7.3
192 silly fetch manifest delegates@^1.0.0
193 silly fetch manifest strip-ansi@^3.0.1
194 silly fetch manifest wide-align@^1.1.0
195 silly fetch manifest has-unicode@^2.0.0
196 silly fetch manifest string-width@^1.0.1
197 http fetch GET 200 https://registry.npmjs.org/has-unicode 268ms (cache revalidated)
198 http fetch GET 200 https://registry.npmjs.org/wide-align 268ms (cache revalidated)
199 http fetch GET 200 https://registry.npmjs.org/delegates 703ms (cache revalidated)
200 http fetch GET 200 https://registry.npmjs.org/string-width 1592ms (cache revalidated)
201 timing idealTree:node_modules/npmlog Completed in 1598ms
202 silly placeDep ROOT delegates@1.0.0 OK for: are-we-there-yet@1.1.7 want: ^1.0.0
203 timing idealTree:node_modules/are-we-there-yet Completed in 1ms
204 timing idealTree:node_modules/console-control-strings Completed in 0ms
205 timing idealTree:node_modules/delegates Completed in 0ms
206 silly placeDep ROOT has-unicode@2.0.1 OK for: gauge@2.7.4 want: ^2.0.0
207 silly placeDep node_modules/gauge string-width@1.0.2 OK for: gauge@2.7.4 want: ^1.0.1
208 silly placeDep node_modules/gauge strip-ansi@3.0.1 OK for: gauge@2.7.4 want: ^3.0.1
209 silly placeDep ROOT wide-align@1.1.5 OK for: gauge@2.7.4 want: ^1.1.0
210 silly fetch manifest code-point-at@^1.0.0
211 silly fetch manifest is-fullwidth-code-point@^1.0.0
212 silly fetch manifest ansi-regex@^2.0.0
213 http fetch GET 200 https://registry.npmjs.org/code-point-at 271ms (cache revalidated)
214 http fetch GET 200 https://registry.npmjs.org/is-fullwidth-code-point 281ms (cache revalidated)
215 http fetch GET 200 https://registry.npmjs.org/ansi-regex 286ms (cache revalidated)
216 timing idealTree:node_modules/gauge Completed in 290ms
217 timing idealTree:node_modules/has-unicode Completed in 0ms
218 silly placeDep ROOT os-homedir@1.0.2 OK for: osenv@0.1.5 want: ^1.0.0
219 silly placeDep ROOT os-tmpdir@1.0.2 OK for: osenv@0.1.5 want: ^1.0.0
220 timing idealTree:node_modules/osenv Completed in 3ms
221 timing idealTree:node_modules/os-homedir Completed in 0ms
222 timing idealTree:node_modules/os-tmpdir Completed in 0ms
223 silly placeDep node_modules/read-pkg-up find-up@1.1.2 OK for: read-pkg-up@1.0.1 want: ^1.0.0
224 silly placeDep node_modules/read-pkg-up read-pkg@1.1.0 OK for: read-pkg-up@1.0.1 want: ^1.0.0
225 silly fetch manifest path-exists@^2.0.0
226 silly fetch manifest path-type@^1.0.0
227 silly fetch manifest load-json-file@^1.0.0
228 http fetch GET 200 https://registry.npmjs.org/path-exists 13ms (cache hit)
229 http fetch GET 200 https://registry.npmjs.org/load-json-file 12ms (cache hit)
230 http fetch GET 200 https://registry.npmjs.org/path-type 857ms (cache revalidated)
231 timing idealTree:node_modules/read-pkg-up Completed in 860ms
232 silly placeDep ROOT indent-string@2.1.0 OK for: redent@1.0.0 want: ^2.1.0
233 silly placeDep ROOT strip-indent@1.0.1 OK for: redent@1.0.0 want: ^1.0.1
234 silly fetch manifest repeating@^2.0.0
235 http fetch GET 200 https://registry.npmjs.org/repeating 9ms (cache hit)
236 timing idealTree:node_modules/redent Completed in 13ms
237 silly placeDep ROOT repeating@2.0.1 OK for: indent-string@2.1.0 want: ^2.0.0
238 silly fetch manifest is-finite@^1.0.0
239 http fetch GET 200 https://registry.npmjs.org/is-finite 5ms (cache hit)
240 timing idealTree:node_modules/indent-string Completed in 8ms
241 silly placeDep ROOT is-finite@1.1.0 OK for: repeating@2.0.1 want: ^1.0.0
242 timing idealTree:node_modules/repeating Completed in 1ms
243 timing idealTree:node_modules/is-finite Completed in 0ms
244 silly placeDep ROOT scss-tokenizer@0.2.3 OK for: sass-graph@2.2.5 want: ^0.2.3
245 silly placeDep node_modules/sass-graph yargs@13.3.2 OK for: sass-graph@2.2.5 want: ^13.3.2
246 silly fetch manifest js-base64@^2.1.8
247 silly fetch manifest source-map@^0.4.2
248 silly fetch manifest cliui@^5.0.0
249 silly fetch manifest find-up@^3.0.0
250 silly fetch manifest string-width@^3.0.0
251 silly fetch manifest yargs-parser@^13.1.2
252 http fetch GET 200 https://registry.npmjs.org/js-base64 13ms (cache hit)
253 http fetch GET 200 https://registry.npmjs.org/source-map 299ms (cache revalidated)
254 http fetch GET 200 https://registry.npmjs.org/yargs-parser 387ms (cache revalidated)
255 http fetch GET 200 https://registry.npmjs.org/cliui 899ms (cache revalidated)
256 timing idealTree:node_modules/sass-graph Completed in 903ms
257 silly placeDep ROOT js-base64@2.6.4 OK for: scss-tokenizer@0.2.3 want: ^2.1.8
258 silly placeDep node_modules/scss-tokenizer source-map@0.4.4 OK for: scss-tokenizer@0.2.3 want: ^0.4.2
259 silly fetch manifest amdefine@>=0.0.4
260 http fetch GET 200 https://registry.npmjs.org/amdefine 7ms (cache hit)
261 timing idealTree:node_modules/scss-tokenizer Completed in 10ms
262 timing idealTree:node_modules/js-base64 Completed in 0ms
263 timing idealTree:node_modules/stdout-stream Completed in 0ms
264 timing idealTree:node_modules/strip-indent Completed in 0ms
265 silly placeDep ROOT block-stream@0.0.9 OK for: tar@2.2.2 want: *
266 timing idealTree:node_modules/tar Completed in 2ms
267 timing idealTree:node_modules/block-stream Completed in 0ms
268 timing idealTree:node_modules/trim-newlines Completed in 0ms
269 timing idealTree:node_modules/true-case-path Completed in 0ms
270 timing idealTree:node_modules/wide-align Completed in 0ms
271 timing idealTree:node_modules/camelcase-keys/node_modules/camelcase Completed in 0ms
272 silly placeDep ROOT code-point-at@1.1.0 OK for: string-width@1.0.2 want: ^1.0.0
273 silly placeDep node_modules/gauge is-fullwidth-code-point@1.0.0 OK for: string-width@1.0.2 want: ^1.0.0
274 silly fetch manifest number-is-nan@^1.0.0
275 http fetch GET 200 https://registry.npmjs.org/number-is-nan 10ms (cache hit)
276 timing idealTree:node_modules/gauge/node_modules/string-width Completed in 12ms
277 timing idealTree:node_modules/code-point-at Completed in 0ms
278 silly placeDep ROOT number-is-nan@1.0.1 OK for: is-fullwidth-code-point@1.0.0 want: ^1.0.0
279 timing idealTree:node_modules/gauge/node_modules/is-fullwidth-code-point Completed in 2ms
280 timing idealTree:node_modules/number-is-nan Completed in 0ms
281 silly placeDep node_modules/gauge ansi-regex@2.1.1 OK for: strip-ansi@3.0.1 want: ^2.0.0
282 timing idealTree:node_modules/gauge/node_modules/strip-ansi Completed in 1ms
283 timing idealTree:node_modules/gauge/node_modules/ansi-regex Completed in 0ms
284 timing idealTree:node_modules/globule/node_modules/glob Completed in 0ms
285 timing idealTree:node_modules/globule/node_modules/minimatch Completed in 0ms
286 timing idealTree:node_modules/node-gyp/node_modules/semver Completed in 0ms
287 silly placeDep node_modules/read-pkg-up path-exists@2.1.0 OK for: find-up@1.1.2 want: ^2.0.0
288 timing idealTree:node_modules/read-pkg-up/node_modules/find-up Completed in 1ms
289 timing idealTree:node_modules/read-pkg-up/node_modules/path-exists Completed in 0ms
290 silly placeDep ROOT load-json-file@1.1.0 OK for: read-pkg@1.1.0 want: ^1.0.0
291 silly placeDep node_modules/read-pkg-up path-type@1.1.0 OK for: read-pkg@1.1.0 want: ^1.0.0
292 silly fetch manifest parse-json@^2.2.0
293 silly fetch manifest pify@^2.0.0
294 silly fetch manifest strip-bom@^2.0.0
295 http fetch GET 200 https://registry.npmjs.org/strip-bom 14ms (cache hit)
296 http fetch GET 200 https://registry.npmjs.org/parse-json 295ms (cache revalidated)
297 http fetch GET 200 https://registry.npmjs.org/pify 299ms (cache revalidated)
298 timing idealTree:node_modules/read-pkg-up/node_modules/read-pkg Completed in 303ms
299 silly placeDep node_modules/load-json-file parse-json@2.2.0 OK for: load-json-file@1.1.0 want: ^2.2.0
300 silly placeDep node_modules/load-json-file pify@2.3.0 OK for: load-json-file@1.1.0 want: ^2.0.0
301 silly placeDep ROOT strip-bom@2.0.0 OK for: load-json-file@1.1.0 want: ^2.0.0
302 silly fetch manifest is-utf8@^0.2.0
303 http fetch GET 200 https://registry.npmjs.org/is-utf8 7ms (cache hit)
304 timing idealTree:node_modules/load-json-file Completed in 11ms
305 silly placeDep ROOT is-utf8@0.2.1 OK for: strip-bom@2.0.0 want: ^0.2.0
306 timing idealTree:node_modules/strip-bom Completed in 2ms
307 timing idealTree:node_modules/is-utf8 Completed in 0ms
308 timing idealTree:node_modules/load-json-file/node_modules/parse-json Completed in 0ms
309 timing idealTree:node_modules/load-json-file/node_modules/pify Completed in 0ms
310 silly placeDep node_modules/read-pkg-up pify@2.3.0 OK for: path-type@1.1.0 want: ^2.0.0
311 timing idealTree:node_modules/read-pkg-up/node_modules/path-type Completed in 1ms
312 timing idealTree:node_modules/read-pkg-up/node_modules/pify Completed in 0ms
313 silly placeDep node_modules/sass-graph cliui@5.0.0 OK for: yargs@13.3.2 want: ^5.0.0
314 silly placeDep node_modules/sass-graph find-up@3.0.0 OK for: yargs@13.3.2 want: ^3.0.0
315 silly placeDep node_modules/sass-graph string-width@3.1.0 OK for: yargs@13.3.2 want: ^3.0.0
316 silly placeDep node_modules/sass-graph yargs-parser@13.1.2 OK for: yargs@13.3.2 want: ^13.1.2
317 silly fetch manifest wrap-ansi@^5.1.0
318 silly fetch manifest strip-ansi@^5.2.0
319 silly fetch manifest locate-path@^3.0.0
320 silly fetch manifest strip-ansi@^5.1.0
321 silly fetch manifest emoji-regex@^7.0.1
322 silly fetch manifest is-fullwidth-code-point@^2.0.0
323 http fetch GET 200 https://registry.npmjs.org/locate-path 9ms (cache hit)
324 http fetch GET 200 https://registry.npmjs.org/emoji-regex 296ms (cache revalidated)
325 http fetch GET 200 https://registry.npmjs.org/wrap-ansi 304ms (cache revalidated)
326 timing idealTree:node_modules/sass-graph/node_modules/yargs Completed in 312ms
327 silly placeDep node_modules/sass-graph strip-ansi@5.2.0 OK for: cliui@5.0.0 want: ^5.2.0
328 silly placeDep node_modules/sass-graph wrap-ansi@5.1.0 OK for: cliui@5.0.0 want: ^5.1.0
329 silly fetch manifest ansi-regex@^4.1.0
330 silly fetch manifest ansi-styles@^3.2.0
331 timing idealTree:node_modules/sass-graph/node_modules/cliui Completed in 2ms
332 silly placeDep node_modules/sass-graph locate-path@3.0.0 OK for: find-up@3.0.0 want: ^3.0.0
333 silly fetch manifest p-locate@^3.0.0
334 silly fetch manifest path-exists@^3.0.0
335 http fetch GET 200 https://registry.npmjs.org/p-locate 8ms (cache hit)
336 timing idealTree:node_modules/sass-graph/node_modules/find-up Completed in 9ms
337 silly placeDep node_modules/sass-graph p-locate@3.0.0 OK for: locate-path@3.0.0 want: ^3.0.0
338 silly placeDep node_modules/sass-graph path-exists@3.0.0 OK for: locate-path@3.0.0 want: ^3.0.0
339 timing idealTree:node_modules/sass-graph/node_modules/locate-path Completed in 1ms
340 timing idealTree:node_modules/sass-graph/node_modules/p-locate Completed in 0ms
341 timing idealTree:node_modules/sass-graph/node_modules/path-exists Completed in 0ms
342 silly placeDep node_modules/sass-graph emoji-regex@7.0.3 OK for: string-width@3.1.0 want: ^7.0.1
343 silly placeDep node_modules/sass-graph is-fullwidth-code-point@2.0.0 OK for: string-width@3.1.0 want: ^2.0.0
344 timing idealTree:node_modules/sass-graph/node_modules/string-width Completed in 2ms
345 timing idealTree:node_modules/sass-graph/node_modules/emoji-regex Completed in 0ms
346 timing idealTree:node_modules/sass-graph/node_modules/is-fullwidth-code-point Completed in 0ms
347 silly placeDep node_modules/sass-graph ansi-regex@4.1.1 OK for: strip-ansi@5.2.0 want: ^4.1.0
348 timing idealTree:node_modules/sass-graph/node_modules/strip-ansi Completed in 0ms
349 timing idealTree:node_modules/sass-graph/node_modules/ansi-regex Completed in 0ms
350 silly placeDep node_modules/sass-graph ansi-styles@3.2.1 OK for: wrap-ansi@5.1.0 want: ^3.2.0
351 silly fetch manifest color-convert@^1.9.0
352 http fetch GET 200 https://registry.npmjs.org/color-convert 276ms (cache revalidated)
353 timing idealTree:node_modules/sass-graph/node_modules/wrap-ansi Completed in 278ms
354 silly placeDep node_modules/sass-graph color-convert@1.9.3 OK for: ansi-styles@3.2.1 want: ^1.9.0
355 silly fetch manifest color-name@1.1.3
356 http fetch GET 200 https://registry.npmjs.org/color-name 289ms (cache revalidated)
357 timing idealTree:node_modules/sass-graph/node_modules/ansi-styles Completed in 291ms
358 silly placeDep node_modules/sass-graph color-name@1.1.3 OK for: color-convert@1.9.3 want: 1.1.3
359 timing idealTree:node_modules/sass-graph/node_modules/color-convert Completed in 1ms
360 timing idealTree:node_modules/sass-graph/node_modules/color-name Completed in 0ms
361 timing idealTree:node_modules/sass-graph/node_modules/yargs-parser Completed in 0ms
362 silly placeDep ROOT amdefine@1.0.1 OK for: source-map@0.4.4 want: >=0.0.4
363 timing idealTree:node_modules/scss-tokenizer/node_modules/source-map Completed in 1ms
364 timing idealTree:node_modules/amdefine Completed in 0ms
365 silly placeDep node_modules/vue-piczoom ansi-styles@2.2.1 OK for: chalk@1.1.3 want: ^2.2.1
366 silly placeDep ROOT has-ansi@2.0.0 OK for: chalk@1.1.3 want: ^2.0.0
367 silly placeDep node_modules/vue-piczoom strip-ansi@3.0.1 OK for: chalk@1.1.3 want: ^3.0.0
368 silly placeDep node_modules/vue-piczoom supports-color@2.0.0 OK for: chalk@1.1.3 want: ^2.0.0
369 timing idealTree:node_modules/vue-piczoom/node_modules/chalk Completed in 3ms
370 silly placeDep node_modules/has-ansi ansi-regex@2.1.1 OK for: has-ansi@2.0.0 want: ^2.0.0
371 timing idealTree:node_modules/has-ansi Completed in 0ms
372 timing idealTree:node_modules/has-ansi/node_modules/ansi-regex Completed in 0ms
373 timing idealTree:node_modules/vue-piczoom/node_modules/ansi-styles Completed in 0ms
374 silly placeDep node_modules/vue-piczoom lru-cache@4.1.5 OK for: cross-spawn@3.0.1 want: ^4.0.1
375 silly fetch manifest yallist@^2.1.2
376 http fetch GET 200 https://registry.npmjs.org/yallist 314ms (cache revalidated)
377 timing idealTree:node_modules/vue-piczoom/node_modules/cross-spawn Completed in 314ms
378 silly placeDep node_modules/vue-piczoom yallist@2.1.2 OK for: lru-cache@4.1.5 want: ^2.1.2
379 timing idealTree:node_modules/vue-piczoom/node_modules/lru-cache Completed in 1ms
380 silly placeDep node_modules/vue-piczoom ansi-regex@2.1.1 OK for: strip-ansi@3.0.1 want: ^2.0.0
381 timing idealTree:node_modules/vue-piczoom/node_modules/strip-ansi Completed in 0ms
382 timing idealTree:node_modules/vue-piczoom/node_modules/ansi-regex Completed in 0ms
383 timing idealTree:node_modules/vue-piczoom/node_modules/supports-color Completed in 0ms
384 timing idealTree:node_modules/vue-piczoom/node_modules/yallist Completed in 0ms
385 timing idealTree:buildDeps Completed in 15387ms
386 timing idealTree:fixDepFlags Completed in 10ms
387 warn EBADENGINE Unsupported engine {
387 warn EBADENGINE   package: '@achrinza/node-ipc@9.2.2',
387 warn EBADENGINE   required: { node: '8 || 10 || 12 || 14 || 16 || 17' },
387 warn EBADENGINE   current: { node: 'v22.22.0', npm: '10.8.2' }
387 warn EBADENGINE }
388 timing idealTree Completed in 16209ms
389 timing reify:loadTrees Completed in 16210ms
390 timing reify:diffTrees Completed in 23ms
391 silly reify moves {}
392 timing reify:retireShallow Completed in 0ms
393 timing reify:createSparse Completed in 9ms
394 timing reify:loadBundles Completed in 0ms
395 verbose reify failed optional dependency F:\springboot河南非遗助推平台\project\src\main\resources\static\home\node_modules\fsevents
396 silly reify mark deleted [
396 silly reify   'F:\\springboot河南非遗助推平台\\project\\src\\main\\resources\\static\\home\\node_modules\\fsevents'
396 silly reify ]
397 verbose reify failed optional dependency F:\springboot河南非遗助推平台\project\src\main\resources\static\home\node_modules\bindings
398 silly reify mark deleted [
398 silly reify   'F:\\springboot河南非遗助推平台\\project\\src\\main\\resources\\static\\home\\node_modules\\bindings'
398 silly reify ]
399 verbose reify failed optional dependency F:\springboot河南非遗助推平台\project\src\main\resources\static\home\node_modules\file-uri-to-path
400 silly reify mark deleted [
400 silly reify   'F:\\springboot河南非遗助推平台\\project\\src\\main\\resources\\static\\home\\node_modules\\file-uri-to-path'
400 silly reify ]
401 verbose reify failed optional dependency F:\springboot河南非遗助推平台\project\src\main\resources\static\home\node_modules\@parcel\watcher-win32-ia32
402 silly reify mark deleted [
402 silly reify   'F:\\springboot河南非遗助推平台\\project\\src\\main\\resources\\static\\home\\node_modules\\@parcel\\watcher-win32-ia32'
402 silly reify ]
403 verbose reify failed optional dependency F:\springboot河南非遗助推平台\project\src\main\resources\static\home\node_modules\@parcel\watcher-win32-arm64
404 silly reify mark deleted [
404 silly reify   'F:\\springboot河南非遗助推平台\\project\\src\\main\\resources\\static\\home\\node_modules\\@parcel\\watcher-win32-arm64'
404 silly reify ]
405 verbose reify failed optional dependency F:\springboot河南非遗助推平台\project\src\main\resources\static\home\node_modules\@parcel\watcher-linux-x64-musl
406 silly reify mark deleted [
406 silly reify   'F:\\springboot河南非遗助推平台\\project\\src\\main\\resources\\static\\home\\node_modules\\@parcel\\watcher-linux-x64-musl'
406 silly reify ]
407 verbose reify failed optional dependency F:\springboot河南非遗助推平台\project\src\main\resources\static\home\node_modules\@parcel\watcher-linux-x64-glibc
408 silly reify mark deleted [
408 silly reify   'F:\\springboot河南非遗助推平台\\project\\src\\main\\resources\\static\\home\\node_modules\\@parcel\\watcher-linux-x64-glibc'
408 silly reify ]
409 verbose reify failed optional dependency F:\springboot河南非遗助推平台\project\src\main\resources\static\home\node_modules\@parcel\watcher-linux-arm64-musl
410 silly reify mark deleted [
410 silly reify   'F:\\springboot河南非遗助推平台\\project\\src\\main\\resources\\static\\home\\node_modules\\@parcel\\watcher-linux-arm64-musl'
410 silly reify ]
411 verbose reify failed optional dependency F:\springboot河南非遗助推平台\project\src\main\resources\static\home\node_modules\@parcel\watcher-linux-arm64-glibc
412 silly reify mark deleted [
412 silly reify   'F:\\springboot河南非遗助推平台\\project\\src\\main\\resources\\static\\home\\node_modules\\@parcel\\watcher-linux-arm64-glibc'
412 silly reify ]
413 verbose reify failed optional dependency F:\springboot河南非遗助推平台\project\src\main\resources\static\home\node_modules\@parcel\watcher-linux-arm-musl
414 silly reify mark deleted [
414 silly reify   'F:\\springboot河南非遗助推平台\\project\\src\\main\\resources\\static\\home\\node_modules\\@parcel\\watcher-linux-arm-musl'
414 silly reify ]
415 verbose reify failed optional dependency F:\springboot河南非遗助推平台\project\src\main\resources\static\home\node_modules\@parcel\watcher-linux-arm-glibc
416 silly reify mark deleted [
416 silly reify   'F:\\springboot河南非遗助推平台\\project\\src\\main\\resources\\static\\home\\node_modules\\@parcel\\watcher-linux-arm-glibc'
416 silly reify ]
417 verbose reify failed optional dependency F:\springboot河南非遗助推平台\project\src\main\resources\static\home\node_modules\@parcel\watcher-freebsd-x64
418 silly reify mark deleted [
418 silly reify   'F:\\springboot河南非遗助推平台\\project\\src\\main\\resources\\static\\home\\node_modules\\@parcel\\watcher-freebsd-x64'
418 silly reify ]
419 verbose reify failed optional dependency F:\springboot河南非遗助推平台\project\src\main\resources\static\home\node_modules\@parcel\watcher-darwin-x64
420 silly reify mark deleted [
420 silly reify   'F:\\springboot河南非遗助推平台\\project\\src\\main\\resources\\static\\home\\node_modules\\@parcel\\watcher-darwin-x64'
420 silly reify ]
421 verbose reify failed optional dependency F:\springboot河南非遗助推平台\project\src\main\resources\static\home\node_modules\@parcel\watcher-darwin-arm64
422 silly reify mark deleted [
422 silly reify   'F:\\springboot河南非遗助推平台\\project\\src\\main\\resources\\static\\home\\node_modules\\@parcel\\watcher-darwin-arm64'
422 silly reify ]
423 verbose reify failed optional dependency F:\springboot河南非遗助推平台\project\src\main\resources\static\home\node_modules\@parcel\watcher-android-arm64
424 silly reify mark deleted [
424 silly reify   'F:\\springboot河南非遗助推平台\\project\\src\\main\\resources\\static\\home\\node_modules\\@parcel\\watcher-android-arm64'
424 silly reify ]
425 verbose reify failed optional dependency F:\springboot河南非遗助推平台\project\src\main\resources\static\home\node_modules\watchpack\node_modules\fsevents
426 silly reify mark deleted [
426 silly reify   'F:\\springboot河南非遗助推平台\\project\\src\\main\\resources\\static\\home\\node_modules\\watchpack\\node_modules\\fsevents'
426 silly reify ]
427 timing reifyNode:node_modules/fsevents Completed in 5ms
428 timing reifyNode:node_modules/@parcel/watcher-win32-ia32 Completed in 5ms
429 timing reifyNode:node_modules/@parcel/watcher-win32-arm64 Completed in 5ms
430 timing reifyNode:node_modules/@parcel/watcher-linux-x64-musl Completed in 5ms
431 timing reifyNode:node_modules/@parcel/watcher-linux-x64-glibc Completed in 5ms
432 timing reifyNode:node_modules/@parcel/watcher-linux-arm64-musl Completed in 5ms
433 timing reifyNode:node_modules/@parcel/watcher-linux-arm64-glibc Completed in 5ms
434 timing reifyNode:node_modules/@parcel/watcher-linux-arm-musl Completed in 5ms
435 timing reifyNode:node_modules/@parcel/watcher-linux-arm-glibc Completed in 4ms
436 timing reifyNode:node_modules/@parcel/watcher-freebsd-x64 Completed in 4ms
437 timing reifyNode:node_modules/@parcel/watcher-darwin-x64 Completed in 4ms
438 timing reifyNode:node_modules/@parcel/watcher-darwin-arm64 Completed in 4ms
439 timing reifyNode:node_modules/@parcel/watcher-android-arm64 Completed in 4ms
440 timing reifyNode:node_modules/watchpack/node_modules/fsevents Completed in 4ms
441 timing reifyNode:node_modules/vue-piczoom/node_modules/strip-ansi Completed in 59ms
442 timing reifyNode:node_modules/bindings Completed in 60ms
443 timing reifyNode:node_modules/vue-piczoom/node_modules/ansi-styles Completed in 59ms
444 timing reifyNode:node_modules/vue-piczoom/node_modules/ansi-regex Completed in 59ms
445 timing reifyNode:node_modules/vue-piczoom/node_modules/supports-color Completed in 59ms
446 timing reifyNode:node_modules/vue-piczoom/node_modules/lru-cache Completed in 60ms
447 timing reifyNode:node_modules/vue-piczoom/node_modules/chalk Completed in 60ms
448 timing reifyNode:node_modules/vue-piczoom/node_modules/yallist Completed in 61ms
449 timing reifyNode:node_modules/file-uri-to-path Completed in 66ms
450 timing reifyNode:node_modules/vue-piczoom/node_modules/cross-spawn Completed in 69ms
451 timing reifyNode:node_modules/node-sass Completed in 126ms
452 warn deprecated node-sass@4.14.1: Node Sass is no longer supported. Please use `sass` or `sass-embedded` instead.
453 timing reifyNode:node_modules/vue-piczoom/node_modules/node-sass Completed in 497ms
454 timing reify:unpack Completed in 499ms
455 timing reify:unretire Completed in 0ms
456 timing build:queue Completed in 440ms
457 timing build:link:node_modules/vue-piczoom/node_modules/node-sass Completed in 23ms
458 timing build:link:node_modules/node-sass Completed in 29ms
459 timing build:link Completed in 29ms
460 timing build:deps Completed in 470ms
461 timing build Completed in 470ms
462 timing reify:build Completed in 472ms
463 timing reify:trash Completed in 8ms
464 timing reify:save Completed in 277ms
465 timing reify Completed in 17640ms
466 silly ADD node_modules/node-sass
467 silly ADD
468 silly ADD
469 silly ADD
470 silly ADD
471 silly ADD
472 silly ADD
473 silly ADD
474 silly ADD
475 silly ADD
476 silly ADD
477 silly ADD
478 silly ADD
479 silly ADD
480 silly ADD
481 silly ADD
482 silly ADD
483 silly ADD node_modules/vue-piczoom/node_modules/ansi-regex
484 silly ADD node_modules/vue-piczoom/node_modules/yallist
485 silly ADD node_modules/vue-piczoom/node_modules/lru-cache
486 silly ADD node_modules/vue-piczoom/node_modules/supports-color
487 silly ADD node_modules/vue-piczoom/node_modules/strip-ansi
488 silly ADD node_modules/vue-piczoom/node_modules/ansi-styles
489 silly ADD node_modules/vue-piczoom/node_modules/cross-spawn
490 silly ADD node_modules/vue-piczoom/node_modules/chalk
491 silly ADD node_modules/vue-piczoom/node_modules/node-sass
492 timing command:install Completed in 17645ms
493 verbose exit 0
494 timing npm Completed in 20735ms
495 info ok
